2021-11-16 00:00:53.023  INFO 10996 --- [Thread-34] o.s.s.concurrent.ThreadPoolTaskExecutor  : Shutting down ExecutorService 'applicationTaskExecutor'
2021-11-16 00:00:53.111  INFO 10996 --- [Thread-34] j.LocalContainerEntityManagerFactoryBean : Closing JPA EntityManagerFactory for persistence unit 'default'
2021-11-16 00:00:53.113  INFO 10996 --- [Thread-34] com.zaxxer.hikari.HikariDataSource       : HikariPool-6 - Shutdown initiated...
2021-11-16 00:00:53.126  INFO 10996 --- [Thread-34] com.zaxxer.hikari.HikariDataSource       : HikariPool-6 - Shutdown completed.
2021-11-16 00:00:54.162  INFO 10996 --- [restartedMain] SpringBootCoreDataJpaMvcRest1Application : Starting TimesheetSpringBootCoreDataJpaMvcRest1Application on DESKTOP-FE3B4JC with PID 10996 (C:\Users\hiba\Desktop\project_devops\DEVOPS\src\main\webapp\WEB-INF\classes started by hiba in C:\Users\hiba\Desktop\project_devops\DEVOPS)
2021-11-16 00:00:54.163  INFO 10996 --- [restartedMain] SpringBootCoreDataJpaMvcRest1Application : No active profile set, falling back to default profiles: default
2021-11-16 00:00:54.996  INFO 10996 --- [restartedMain] .s.d.r.c.RepositoryConfigurationDelegate : Bootstrapping Spring Data repositories in DEFAULT mode.
2021-11-16 00:00:55.000  INFO 10996 --- [restartedMain] .s.d.r.c.RepositoryConfigurationDelegate : Finished Spring Data repository scanning in 2ms. Found 0 repository interfaces.
2021-11-16 00:00:55.234  INFO 10996 --- [restartedMain] trationDelegate$BeanPostProcessorChecker : Bean 'org.springframework.transaction.annotation.ProxyTransactionManagementConfiguration' of type [org.springframework.transaction.annotation.ProxyTransactionManagementConfiguration$$EnhancerBySpringCGLIB$$486ee0db] is not eligible for getting processed by all BeanPostProcessors (for example: not eligible for auto-proxying)
2021-11-16 00:00:55.503  INFO 10996 --- [restartedMain] o.s.b.w.embedded.tomcat.TomcatWebServer  : Tomcat initialized with port(s): 8081 (http)
2021-11-16 00:00:55.504  INFO 10996 --- [restartedMain] o.apache.catalina.core.StandardService   : Starting service [Tomcat]
2021-11-16 00:00:55.504  INFO 10996 --- [restartedMain] org.apache.catalina.core.StandardEngine  : Starting Servlet engine: [Apache Tomcat/9.0.17]
2021-11-16 00:00:55.662  INFO 10996 --- [restartedMain] o.a.c.c.C.[.[localhost].[/SpringMVC]     : Initializing Spring embedded WebApplicationContext
2021-11-16 00:00:55.662  INFO 10996 --- [restartedMain] o.s.web.context.ContextLoader            : Root WebApplicationContext: initialization completed in 1493 ms
2021-11-16 00:00:55.735  INFO 10996 --- [restartedMain] com.zaxxer.hikari.HikariDataSource       : HikariPool-7 - Starting...
2021-11-16 00:00:55.742  INFO 10996 --- [restartedMain] com.zaxxer.hikari.HikariDataSource       : HikariPool-7 - Start completed.
2021-11-16 00:00:55.747  INFO 10996 --- [restartedMain] o.hibernate.jpa.internal.util.LogHelper  : HHH000204: Processing PersistenceUnitInfo [
	name: default
	...]
2021-11-16 00:00:55.763  INFO 10996 --- [restartedMain] org.hibernate.dialect.Dialect            : HHH000400: Using dialect: org.hibernate.dialect.MySQL5Dialect
2021-11-16 00:00:56.117  INFO 10996 --- [restartedMain] j.LocalContainerEntityManagerFactoryBean : Initialized JPA EntityManagerFactory for persistence unit 'default'
2021-11-16 00:00:56.134  INFO 10996 --- [restartedMain] o.s.b.d.a.OptionalLiveReloadServer       : LiveReload server is running on port 35729
2021-11-16 00:00:56.215  INFO 10996 --- [restartedMain] o.s.s.concurrent.ThreadPoolTaskExecutor  : Initializing ExecutorService 'applicationTaskExecutor'
2021-11-16 00:00:56.222  WARN 10996 --- [restartedMain] aWebConfiguration$JpaWebMvcConfiguration : spring.jpa.open-in-view is enabled by default. Therefore, database queries may be performed during view rendering. Explicitly configure spring.jpa.open-in-view to disable this warning
2021-11-16 00:00:56.310  INFO 10996 --- [restartedMain] o.s.b.w.embedded.tomcat.TomcatWebServer  : Tomcat started on port(s): 8081 (http) with context path '/SpringMVC'
2021-11-16 00:00:56.310  INFO 10996 --- [restartedMain] SpringBootCoreDataJpaMvcRest1Application : Started TimesheetSpringBootCoreDataJpaMvcRest1Application in 2.216 seconds (JVM running for 2173.654)
2021-11-16 00:00:56.312  INFO 10996 --- [restartedMain] .ConditionEvaluationDeltaLoggingListener : Condition evaluation unchanged
2021-11-16 00:00:59.735  INFO 10996 --- [Thread-40] o.s.s.concurrent.ThreadPoolTaskExecutor  : Shutting down ExecutorService 'applicationTaskExecutor'
2021-11-16 00:00:59.737  INFO 10996 --- [Thread-40] j.LocalContainerEntityManagerFactoryBean : Closing JPA EntityManagerFactory for persistence unit 'default'
2021-11-16 00:00:59.738  INFO 10996 --- [Thread-40] com.zaxxer.hikari.HikariDataSource       : HikariPool-7 - Shutdown initiated...
2021-11-16 00:00:59.750  INFO 10996 --- [Thread-40] com.zaxxer.hikari.HikariDataSource       : HikariPool-7 - Shutdown completed.
2021-11-16 00:01:01.397  INFO 10996 --- [restartedMain] SpringBootCoreDataJpaMvcRest1Application : Starting TimesheetSpringBootCoreDataJpaMvcRest1Application on DESKTOP-FE3B4JC with PID 10996 (C:\Users\hiba\Desktop\project_devops\DEVOPS\src\main\webapp\WEB-INF\classes started by hiba in C:\Users\hiba\Desktop\project_devops\DEVOPS)
2021-11-16 00:01:01.398  INFO 10996 --- [restartedMain] SpringBootCoreDataJpaMvcRest1Application : No active profile set, falling back to default profiles: default
2021-11-16 00:01:02.625  INFO 10996 --- [restartedMain] .s.d.r.c.RepositoryConfigurationDelegate : Bootstrapping Spring Data repositories in DEFAULT mode.
2021-11-16 00:01:02.737  INFO 10996 --- [restartedMain] .s.d.r.c.RepositoryConfigurationDelegate : Finished Spring Data repository scanning in 110ms. Found 6 repository interfaces.
2021-11-16 00:01:02.907  INFO 10996 --- [restartedMain] trationDelegate$BeanPostProcessorChecker : Bean 'org.springframework.transaction.annotation.ProxyTransactionManagementConfiguration' of type [org.springframework.transaction.annotation.ProxyTransactionManagementConfiguration$$EnhancerBySpringCGLIB$$486ee0db] is not eligible for getting processed by all BeanPostProcessors (for example: not eligible for auto-proxying)
2021-11-16 00:01:03.180  INFO 10996 --- [restartedMain] o.s.b.w.embedded.tomcat.TomcatWebServer  : Tomcat initialized with port(s): 8081 (http)
2021-11-16 00:01:03.182  INFO 10996 --- [restartedMain] o.apache.catalina.core.StandardService   : Starting service [Tomcat]
2021-11-16 00:01:03.183  INFO 10996 --- [restartedMain] org.apache.catalina.core.StandardEngine  : Starting Servlet engine: [Apache Tomcat/9.0.17]
2021-11-16 00:01:03.234  INFO 10996 --- [restartedMain] o.a.c.c.C.[.[localhost].[/SpringMVC]     : Initializing Spring embedded WebApplicationContext
2021-11-16 00:01:03.235  INFO 10996 --- [restartedMain] o.s.web.context.ContextLoader            : Root WebApplicationContext: initialization completed in 1831 ms
2021-11-16 00:01:03.319  INFO 10996 --- [restartedMain] com.zaxxer.hikari.HikariDataSource       : HikariPool-8 - Starting...
2021-11-16 00:01:03.325  INFO 10996 --- [restartedMain] com.zaxxer.hikari.HikariDataSource       : HikariPool-8 - Start completed.
2021-11-16 00:01:03.343  INFO 10996 --- [restartedMain] o.hibernate.jpa.internal.util.LogHelper  : HHH000204: Processing PersistenceUnitInfo [
	name: default
	...]
2021-11-16 00:01:03.366  INFO 10996 --- [restartedMain] org.hibernate.dialect.Dialect            : HHH000400: Using dialect: org.hibernate.dialect.MySQL5Dialect
2021-11-16 00:01:04.354  INFO 10996 --- [restartedMain] j.LocalContainerEntityManagerFactoryBean : Initialized JPA EntityManagerFactory for persistence unit 'default'
2021-11-16 00:01:04.374  INFO 10996 --- [restartedMain] o.s.b.d.a.OptionalLiveReloadServer       : LiveReload server is running on port 35729
2021-11-16 00:01:04.488  INFO 10996 --- [restartedMain] o.h.h.i.QueryTranslatorFactoryInitiator  : HHH000397: Using ASTQueryTranslatorFactory
2021-11-16 00:01:04.696  INFO 10996 --- [restartedMain] o.s.s.concurrent.ThreadPoolTaskExecutor  : Initializing ExecutorService 'applicationTaskExecutor'
2021-11-16 00:01:04.706  WARN 10996 --- [restartedMain] aWebConfiguration$JpaWebMvcConfiguration : spring.jpa.open-in-view is enabled by default. Therefore, database queries may be performed during view rendering. Explicitly configure spring.jpa.open-in-view to disable this warning
2021-11-16 00:01:04.937  INFO 10996 --- [restartedMain] o.s.b.w.embedded.tomcat.TomcatWebServer  : Tomcat started on port(s): 8081 (http) with context path '/SpringMVC'
2021-11-16 00:01:04.938  INFO 10996 --- [restartedMain] SpringBootCoreDataJpaMvcRest1Application : Started TimesheetSpringBootCoreDataJpaMvcRest1Application in 3.768 seconds (JVM running for 2182.282)
2021-11-16 00:01:04.942  INFO 10996 --- [restartedMain] .ConditionEvaluationDeltaLoggingListener : Condition evaluation unchanged
2021-11-16 00:01:07.794  INFO 14840 --- [main] tn.esprit.spring.MissionServiceImplTest  : Starting MissionServiceImplTest on DESKTOP-FE3B4JC with PID 14840 (started by hiba in C:\Users\hiba\Desktop\project_devops\DEVOPS)
2021-11-16 00:01:07.798  INFO 14840 --- [main] tn.esprit.spring.MissionServiceImplTest  : No active profile set, falling back to default profiles: default
2021-11-16 00:01:10.691  INFO 14840 --- [main] .s.d.r.c.RepositoryConfigurationDelegate : Bootstrapping Spring Data repositories in DEFAULT mode.
2021-11-16 00:01:10.881  INFO 14840 --- [main] .s.d.r.c.RepositoryConfigurationDelegate : Finished Spring Data repository scanning in 163ms. Found 6 repository interfaces.
2021-11-16 00:01:11.884  INFO 14840 --- [main] trationDelegate$BeanPostProcessorChecker : Bean 'org.springframework.transaction.annotation.ProxyTransactionManagementConfiguration' of type [org.springframework.transaction.annotation.ProxyTransactionManagementConfiguration$$EnhancerBySpringCGLIB$$c5c9407] is not eligible for getting processed by all BeanPostProcessors (for example: not eligible for auto-proxying)
2021-11-16 00:01:13.002  INFO 14840 --- [main] com.zaxxer.hikari.HikariDataSource       : HikariPool-1 - Starting...
2021-11-16 00:01:13.836  INFO 14840 --- [main] com.zaxxer.hikari.HikariDataSource       : HikariPool-1 - Start completed.
2021-11-16 00:01:14.214  INFO 14840 --- [main] o.hibernate.jpa.internal.util.LogHelper  : HHH000204: Processing PersistenceUnitInfo [
	name: default
	...]
2021-11-16 00:01:15.063  INFO 14840 --- [main] org.hibernate.Version                    : HHH000412: Hibernate Core {5.3.9.Final}
2021-11-16 00:01:15.092  INFO 14840 --- [main] org.hibernate.cfg.Environment            : HHH000206: hibernate.properties not found
2021-11-16 00:01:16.486  INFO 14840 --- [main] o.hibernate.annotations.common.Version   : HCANN000001: Hibernate Commons Annotations {5.0.4.Final}
2021-11-16 00:01:17.824  INFO 14840 --- [main] org.hibernate.dialect.Dialect            : HHH000400: Using dialect: org.hibernate.dialect.MySQL5Dialect
2021-11-16 00:01:22.967  INFO 14840 --- [main] j.LocalContainerEntityManagerFactoryBean : Initialized JPA EntityManagerFactory for persistence unit 'default'
2021-11-16 00:01:23.946  INFO 14840 --- [main] o.h.h.i.QueryTranslatorFactoryInitiator  : HHH000397: Using ASTQueryTranslatorFactory
2021-11-16 00:01:26.663  INFO 14840 --- [main] o.s.s.concurrent.ThreadPoolTaskExecutor  : Initializing ExecutorService 'applicationTaskExecutor'
2021-11-16 00:01:26.843  WARN 14840 --- [main] aWebConfiguration$JpaWebMvcConfiguration : spring.jpa.open-in-view is enabled by default. Therefore, database queries may be performed during view rendering. Explicitly configure spring.jpa.open-in-view to disable this warning
2021-11-16 00:01:27.708  INFO 14840 --- [main] tn.esprit.spring.MissionServiceImplTest  : Started MissionServiceImplTest in 21.038 seconds (JVM running for 23.398)
2021-11-16 00:01:28.212  INFO 14840 --- [main] t.e.spring.services.MissionServiceImpl   : Adding Mission to Departement
2021-11-16 00:01:28.348 ERROR 14840 --- [main] t.e.spring.services.MissionServiceImpl   : java.util.NoSuchElementException: No value present
2021-11-16 00:01:28.364  INFO 14840 --- [main] t.e.spring.services.MissionServiceImpl   : getting employe by mission :0
2021-11-16 00:01:28.446  INFO 14840 --- [main] t.e.spring.services.MissionServiceImpl   : getting employe by mission :0succefully
2021-11-16 00:01:28.452  INFO 14840 --- [main] t.e.spring.services.MissionServiceImpl   : Adding  mission
2021-11-16 00:01:28.560  INFO 14840 --- [main] t.e.spring.services.MissionServiceImpl   : Mission Added  Succefully !
2021-11-16 00:01:28.567  INFO 14840 --- [main] t.e.spring.services.MissionServiceImpl   : getting Mission by employé :0
2021-11-16 00:01:28.573  INFO 14840 --- [main] t.e.spring.services.MissionServiceImpl   : getting Mission by employé :0succefully
2021-11-16 00:01:28.574  INFO 14840 --- [main] t.e.spring.services.MissionServiceImpl   : getting Employee
2021-11-16 00:01:29.268  INFO 14840 --- [Thread-2] o.s.s.concurrent.ThreadPoolTaskExecutor  : Shutting down ExecutorService 'applicationTaskExecutor'
2021-11-16 00:01:29.273  INFO 14840 --- [Thread-2] j.LocalContainerEntityManagerFactoryBean : Closing JPA EntityManagerFactory for persistence unit 'default'
2021-11-16 00:01:29.300  INFO 14840 --- [Thread-2] com.zaxxer.hikari.HikariDataSource       : HikariPool-1 - Shutdown initiated...
2021-11-16 00:01:29.337  INFO 14840 --- [Thread-2] com.zaxxer.hikari.HikariDataSource       : HikariPool-1 - Shutdown completed.
